TN:
SF:src\modules\appointments\services\CreateAppointmentService.ts
FN:82,__decorate
FN:82,__metadata
FN:82,__param
FN:82,__awaiter
FN:82,adopt
FN:82,fulfilled
FN:82,rejected
FN:82,step
FN:82,__generator
FN:82,sent
FN:82,g.<computed>
FN:82,verb
FN:82,step
FN:82,__importDefault
FN:18,CreateAppointmentService
FN:29,CreateAppointmentService.execute
FNF:16
FNH:14
FNDA:1,__decorate
FNDA:1,__metadata
FNDA:3,__param
FNDA:7,__awaiter
FNDA:9,adopt
FNDA:9,fulfilled
FNDA:0,rejected
FNDA:11,step
FNDA:7,__generator
FNDA:9,sent
FNDA:0,g.<computed>
FNDA:21,verb
FNDA:16,step
FNDA:1,__importDefault
FNDA:5,CreateAppointmentService
FNDA:7,CreateAppointmentService.execute
DA:1,1
DA:2,1
DA:3,1
DA:4,1
DA:5,1
DA:6,1
DA:7,1
DA:8,1
DA:9,1
DA:10,1
DA:11,1
DA:12,1
DA:13,1
DA:14,1
DA:15,1
DA:16,1
DA:17,1
DA:18,1
DA:19,5
DA:20,5
DA:21,5
DA:22,5
DA:23,5
DA:24,5
DA:25,5
DA:26,5
DA:27,5
DA:28,1
DA:29,1
DA:30,7
DA:31,7
DA:32,7
DA:33,7
DA:34,7
DA:35,7
DA:36,7
DA:37,3
DA:38,3
DA:39,4
DA:40,7
DA:41,1
DA:42,1
DA:43,3
DA:44,3
DA:45,3
DA:46,3
DA:47,7
DA:48,7
DA:49,0
DA:50,0
DA:51,7
DA:52,7
DA:53,1
DA:54,1
DA:55,1
DA:56,1
DA:57,2
DA:58,2
DA:59,2
DA:60,2
DA:61,2
DA:62,2
DA:63,7
DA:64,7
DA:65,7
DA:66,7
DA:67,7
DA:68,7
DA:69,7
DA:70,7
DA:71,7
DA:72,7
DA:73,7
DA:74,7
DA:75,7
DA:76,7
DA:77,7
DA:78,7
DA:79,7
DA:80,1
DA:81,1
DA:82,1
LF:82
LH:80
BRDA:82,0,0,1
BRDA:82,1,0,1
BRDA:82,2,0,0
BRDA:82,3,0,0
BRDA:82,4,0,0
BRDA:82,5,0,0
BRDA:82,6,0,1
BRDA:82,7,0,3
BRDA:82,8,0,3
BRDA:82,9,0,7
BRDA:82,10,0,9
BRDA:82,11,0,0
BRDA:82,12,0,7
BRDA:82,13,0,9
BRDA:82,14,0,1
BRDA:82,15,0,11
BRDA:82,16,0,2
BRDA:82,17,0,9
BRDA:82,18,0,7
BRDA:82,19,0,9
BRDA:82,20,0,0
BRDA:82,21,0,21
BRDA:82,22,0,16
BRDA:82,23,0,16
BRDA:82,24,0,0
BRDA:82,25,0,32
BRDA:82,26,0,0
BRDA:82,27,0,0
BRDA:82,28,0,0
BRDA:82,29,0,0
BRDA:82,30,0,16
BRDA:82,31,0,16
BRDA:82,32,0,9
BRDA:82,33,0,0
BRDA:82,34,0,0
BRDA:82,35,0,7
BRDA:82,36,0,0
BRDA:82,37,0,2
BRDA:82,38,0,0
BRDA:82,39,0,0
BRDA:82,40,0,0
BRDA:82,41,0,0
BRDA:82,42,0,16
BRDA:82,43,0,5
BRDA:82,44,0,16
BRDA:82,45,0,7
BRDA:82,46,0,5
BRDA:82,47,0,2
BRDA:82,48,0,0
BRDA:82,49,0,1
BRDA:82,50,0,0
BRDA:17,51,0,1
BRDA:18,52,0,5
BRDA:29,53,0,7
BRDA:82,54,0,7
BRDA:82,55,0,16
BRDA:82,56,0,7
BRDA:36,57,0,3
BRDA:38,58,0,4
BRDA:40,59,0,1
BRDA:42,60,0,3
BRDA:82,61,0,3
BRDA:48,62,0,0
BRDA:52,63,0,2
BRDA:52,64,0,1
BRDA:56,65,0,2
BRDA:82,66,0,2
BRDA:82,67,0,2
BRDA:82,68,0,2
BRF:69
BRH:48
end_of_record
TN:
SF:src\modules\appointments\services\ListAppointmentsService.ts
FN:20,__decorate
FN:20,__metadata
FN:20,__param
FN:20,__awaiter
FN:20,adopt
FN:20,fulfilled
FN:20,rejected
FN:20,step
FN:20,__generator
FN:20,sent
FN:20,g.<computed>
FN:20,verb
FN:20,step
FN:8,ListAppointmentsService
FN:13,ListAppointmentsService.execute
FNF:15
FNH:13
FNDA:1,__decorate
FNDA:1,__metadata
FNDA:1,__param
FNDA:1,__awaiter
FNDA:1,adopt
FNDA:1,fulfilled
FNDA:0,rejected
FNDA:2,step
FNDA:1,__generator
FNDA:1,sent
FNDA:0,g.<computed>
FNDA:3,verb
FNDA:2,step
FNDA:1,ListAppointmentsService
FNDA:1,ListAppointmentsService.execute
DA:1,1
DA:2,1
DA:3,1
DA:4,1
DA:5,1
DA:6,1
DA:7,1
DA:8,1
DA:9,1
DA:10,1
DA:11,1
DA:12,1
DA:13,1
DA:14,1
DA:15,1
DA:16,1
DA:17,1
DA:18,1
DA:19,1
DA:20,1
LF:20
LH:20
BRDA:20,0,0,1
BRDA:20,1,0,1
BRDA:20,2,0,0
BRDA:20,3,0,0
BRDA:20,4,0,0
BRDA:20,5,0,0
BRDA:20,6,0,1
BRDA:20,7,0,1
BRDA:20,8,0,1
BRDA:20,9,0,1
BRDA:20,10,0,1
BRDA:20,11,0,0
BRDA:20,12,0,1
BRDA:20,13,0,1
BRDA:20,14,0,0
BRDA:20,15,0,2
BRDA:20,16,0,1
BRDA:20,17,0,1
BRDA:20,18,0,1
BRDA:20,19,0,1
BRDA:20,20,0,0
BRDA:20,21,0,3
BRDA:20,22,0,2
BRDA:20,23,0,2
BRDA:20,24,0,0
BRDA:20,25,0,4
BRDA:20,26,0,0
BRDA:20,27,0,0
BRDA:20,28,0,0
BRDA:20,29,0,0
BRDA:20,30,0,2
BRDA:20,31,0,2
BRDA:20,32,0,1
BRDA:20,33,0,0
BRDA:20,34,0,0
BRDA:20,35,0,1
BRDA:20,36,0,0
BRDA:20,37,0,0
BRDA:20,38,0,0
BRDA:20,39,0,0
BRDA:20,40,0,0
BRDA:20,41,0,2
BRDA:20,42,0,0
BRDA:20,43,0,2
BRDA:20,44,0,1
BRDA:20,45,0,0
BRDA:20,46,0,1
BRDA:20,47,0,0
BRDA:7,48,0,1
BRDA:8,49,0,1
BRDA:13,50,0,1
BRDA:20,51,0,1
BRDA:20,52,0,2
BRDA:14,53,0,1
BRDA:20,54,0,1
BRF:55
BRH:33
end_of_record
TN:
SF:src\modules\appointments\services\ListProviderAppointmentsService.ts
FN:53,__decorate
FN:53,__metadata
FN:53,__param
FN:53,__awaiter
FN:53,adopt
FN:53,fulfilled
FN:53,rejected
FN:53,step
FN:53,__generator
FN:53,sent
FN:53,g.<computed>
FN:53,verb
FN:53,step
FN:16,ListProviderAppointmentsService
FN:24,ListProviderAppointmentsService.execute
FNF:15
FNH:13
FNDA:1,__decorate
FNDA:1,__metadata
FNDA:2,__param
FNDA:1,__awaiter
FNDA:3,adopt
FNDA:3,fulfilled
FNDA:0,rejected
FNDA:4,step
FNDA:1,__generator
FNDA:3,sent
FNDA:0,g.<computed>
FNDA:3,verb
FNDA:4,step
FNDA:1,ListProviderAppointmentsService
FNDA:1,ListProviderAppointmentsService.execute
DA:1,1
DA:2,1
DA:3,1
DA:4,1
DA:5,1
DA:6,1
DA:7,1
DA:8,1
DA:9,1
DA:10,1
DA:11,1
DA:12,1
DA:13,1
DA:14,1
DA:15,1
DA:16,1
DA:17,1
DA:18,1
DA:19,1
DA:20,1
DA:21,1
DA:22,1
DA:23,1
DA:24,1
DA:25,1
DA:26,1
DA:27,1
DA:28,1
DA:29,1
DA:30,1
DA:31,1
DA:32,1
DA:33,1
DA:34,1
DA:35,1
DA:36,1
DA:37,1
DA:38,1
DA:39,1
DA:40,1
DA:41,1
DA:42,1
DA:43,1
DA:44,1
DA:45,1
DA:46,1
DA:47,1
DA:48,1
DA:49,1
DA:50,1
DA:51,1
DA:52,1
DA:53,1
LF:53
LH:53
BRDA:53,0,0,1
BRDA:53,1,0,1
BRDA:53,2,0,0
BRDA:53,3,0,0
BRDA:53,4,0,0
BRDA:53,5,0,0
BRDA:53,6,0,1
BRDA:53,7,0,2
BRDA:53,8,0,2
BRDA:53,9,0,1
BRDA:53,10,0,3
BRDA:53,11,0,0
BRDA:53,12,0,1
BRDA:53,13,0,3
BRDA:53,14,0,0
BRDA:53,15,0,4
BRDA:53,16,0,1
BRDA:53,17,0,3
BRDA:53,18,0,1
BRDA:53,19,0,3
BRDA:53,20,0,0
BRDA:53,21,0,3
BRDA:53,22,0,4
BRDA:53,23,0,4
BRDA:53,24,0,0
BRDA:53,25,0,8
BRDA:53,26,0,0
BRDA:53,27,0,0
BRDA:53,28,0,0
BRDA:53,29,0,0
BRDA:53,30,0,4
BRDA:53,31,0,4
BRDA:53,32,0,3
BRDA:53,33,0,0
BRDA:53,34,0,0
BRDA:53,35,0,1
BRDA:53,36,0,0
BRDA:53,37,0,0
BRDA:53,38,0,0
BRDA:53,39,0,0
BRDA:53,40,0,0
BRDA:53,41,0,4
BRDA:53,42,0,0
BRDA:53,43,0,4
BRDA:53,44,0,1
BRDA:53,45,0,0
BRDA:53,46,0,1
BRDA:53,47,0,0
BRDA:15,48,0,1
BRDA:16,49,0,1
BRDA:24,50,0,1
BRDA:53,51,0,1
BRDA:53,52,0,4
BRDA:53,53,0,1
BRDA:53,54,0,1
BRDA:36,55,0,0
BRDA:53,56,0,1
BRDA:53,57,0,1
BRDA:49,58,0,1
BRF:59
BRH:36
end_of_record
TN:
SF:src\modules\appointments\services\ListProviderDayAvailabilityService.ts
FN:66,__decorate
FN:66,__metadata
FN:66,__param
FN:66,__awaiter
FN:66,adopt
FN:66,fulfilled
FN:66,rejected
FN:66,step
FN:66,__generator
FN:66,sent
FN:66,g.<computed>
FN:66,verb
FN:66,step
FN:20,ListProviderDayAvailabilityService
FN:25,ListProviderDayAvailabilityService.execute
FNF:15
FNH:13
FNDA:1,__decorate
FNDA:1,__metadata
FNDA:1,__param
FNDA:1,__awaiter
FNDA:1,adopt
FNDA:1,fulfilled
FNDA:0,rejected
FNDA:2,step
FNDA:1,__generator
FNDA:1,sent
FNDA:0,g.<computed>
FNDA:3,verb
FNDA:2,step
FNDA:1,ListProviderDayAvailabilityService
FNDA:1,ListProviderDayAvailabilityService.execute
DA:1,1
DA:2,1
DA:3,1
DA:4,1
DA:5,1
DA:6,1
DA:7,1
DA:8,1
DA:9,1
DA:10,1
DA:11,1
DA:12,1
DA:13,1
DA:14,1
DA:15,1
DA:16,1
DA:17,1
DA:18,1
DA:19,1
DA:20,1
DA:21,1
DA:22,1
DA:23,1
DA:24,1
DA:25,1
DA:26,1
DA:27,1
DA:28,1
DA:29,1
DA:30,1
DA:31,1
DA:32,1
DA:33,1
DA:34,1
DA:35,1
DA:36,1
DA:37,1
DA:38,1
DA:39,1
DA:40,1
DA:41,1
DA:42,1
DA:43,1
DA:44,1
DA:45,1
DA:46,1
DA:47,1
DA:48,1
DA:49,1
DA:50,10
DA:51,10
DA:52,10
DA:53,10
DA:54,10
DA:55,10
DA:56,10
DA:57,10
DA:58,10
DA:59,10
DA:60,1
DA:61,1
DA:62,1
DA:63,1
DA:64,1
DA:65,1
DA:66,1
LF:66
LH:66
BRDA:66,0,0,1
BRDA:66,1,0,1
BRDA:66,2,0,0
BRDA:66,3,0,0
BRDA:66,4,0,0
BRDA:66,5,0,0
BRDA:66,6,0,1
BRDA:66,7,0,1
BRDA:66,8,0,1
BRDA:66,9,0,1
BRDA:66,10,0,1
BRDA:66,11,0,0
BRDA:66,12,0,1
BRDA:66,13,0,1
BRDA:66,14,0,0
BRDA:66,15,0,2
BRDA:66,16,0,1
BRDA:66,17,0,1
BRDA:66,18,0,1
BRDA:66,19,0,1
BRDA:66,20,0,0
BRDA:66,21,0,3
BRDA:66,22,0,2
BRDA:66,23,0,2
BRDA:66,24,0,0
BRDA:66,25,0,4
BRDA:66,26,0,0
BRDA:66,27,0,0
BRDA:66,28,0,0
BRDA:66,29,0,0
BRDA:66,30,0,2
BRDA:66,31,0,2
BRDA:66,32,0,1
BRDA:66,33,0,0
BRDA:66,34,0,0
BRDA:66,35,0,1
BRDA:66,36,0,0
BRDA:66,37,0,0
BRDA:66,38,0,0
BRDA:66,39,0,0
BRDA:66,40,0,0
BRDA:66,41,0,2
BRDA:66,42,0,0
BRDA:66,43,0,2
BRDA:66,44,0,1
BRDA:66,45,0,0
BRDA:66,46,0,1
BRDA:66,47,0,0
BRDA:19,48,0,1
BRDA:20,49,0,1
BRDA:25,50,0,1
BRDA:66,51,0,1
BRDA:66,52,0,2
BRDA:31,53,0,1
BRDA:66,54,0,1
BRDA:44,55,0,10
BRDA:49,56,0,10
BRDA:58,57,0,8
BRDA:51,58,0,19
BRF:59
BRH:37
end_of_record
TN:
SF:src\modules\appointments\services\ListProviderMonthAvailabilityService.ts
FN:64,__decorate
FN:64,__metadata
FN:64,__param
FN:64,__awaiter
FN:64,adopt
FN:64,fulfilled
FN:64,rejected
FN:64,step
FN:64,__generator
FN:64,sent
FN:64,g.<computed>
FN:64,verb
FN:64,step
FN:19,ListProviderMonthAvailabilityService
FN:24,ListProviderMonthAvailabilityService.execute
FNF:15
FNH:13
FNDA:1,__decorate
FNDA:1,__metadata
FNDA:1,__param
FNDA:1,__awaiter
FNDA:1,adopt
FNDA:1,fulfilled
FNDA:0,rejected
FNDA:2,step
FNDA:1,__generator
FNDA:1,sent
FNDA:0,g.<computed>
FNDA:3,verb
FNDA:2,step
FNDA:1,ListProviderMonthAvailabilityService
FNDA:1,ListProviderMonthAvailabilityService.execute
DA:1,1
DA:2,1
DA:3,1
DA:4,1
DA:5,1
DA:6,1
DA:7,1
DA:8,1
DA:9,1
DA:10,1
DA:11,1
DA:12,1
DA:13,1
DA:14,1
DA:15,1
DA:16,1
DA:17,1
DA:18,1
DA:19,1
DA:20,1
DA:21,1
DA:22,1
DA:23,1
DA:24,1
DA:25,1
DA:26,1
DA:27,1
DA:28,1
DA:29,1
DA:30,1
DA:31,1
DA:32,1
DA:33,1
DA:34,1
DA:35,1
DA:36,1
DA:37,1
DA:38,1
DA:39,1
DA:40,1
DA:41,1
DA:42,1
DA:43,1
DA:44,1
DA:45,1
DA:46,1
DA:47,31
DA:48,341
DA:49,31
DA:50,31
DA:51,31
DA:52,31
DA:53,31
DA:54,31
DA:55,31
DA:56,31
DA:57,31
DA:58,1
DA:59,1
DA:60,1
DA:61,1
DA:62,1
DA:63,1
DA:64,1
LF:64
LH:64
BRDA:64,0,0,1
BRDA:64,1,0,1
BRDA:64,2,0,0
BRDA:64,3,0,0
BRDA:64,4,0,0
BRDA:64,5,0,0
BRDA:64,6,0,1
BRDA:64,7,0,1
BRDA:64,8,0,1
BRDA:64,9,0,1
BRDA:64,10,0,1
BRDA:64,11,0,0
BRDA:64,12,0,1
BRDA:64,13,0,1
BRDA:64,14,0,0
BRDA:64,15,0,2
BRDA:64,16,0,1
BRDA:64,17,0,1
BRDA:64,18,0,1
BRDA:64,19,0,1
BRDA:64,20,0,0
BRDA:64,21,0,3
BRDA:64,22,0,2
BRDA:64,23,0,2
BRDA:64,24,0,0
BRDA:64,25,0,4
BRDA:64,26,0,0
BRDA:64,27,0,0
BRDA:64,28,0,0
BRDA:64,29,0,0
BRDA:64,30,0,2
BRDA:64,31,0,2
BRDA:64,32,0,1
BRDA:64,33,0,0
BRDA:64,34,0,0
BRDA:64,35,0,1
BRDA:64,36,0,0
BRDA:64,37,0,0
BRDA:64,38,0,0
BRDA:64,39,0,0
BRDA:64,40,0,0
BRDA:64,41,0,2
BRDA:64,42,0,0
BRDA:64,43,0,2
BRDA:64,44,0,1
BRDA:64,45,0,0
BRDA:64,46,0,1
BRDA:64,47,0,0
BRDA:18,48,0,1
BRDA:19,49,0,1
BRDA:24,50,0,1
BRDA:64,51,0,1
BRDA:64,52,0,2
BRDA:29,53,0,1
BRDA:64,54,0,1
BRDA:41,55,0,31
BRDA:46,56,0,31
BRDA:56,57,0,30
BRDA:47,58,0,341
BRF:59
BRH:37
end_of_record
TN:
SF:src\modules\appointments\services\ListProvidersService.ts
FN:38,__decorate
FN:38,__metadata
FN:38,__param
FN:38,__awaiter
FN:38,adopt
FN:38,fulfilled
FN:38,rejected
FN:38,step
FN:38,__generator
FN:38,sent
FN:38,g.<computed>
FN:38,verb
FN:38,step
FN:13,ListProvidersService
FN:21,ListProvidersService.execute
FNF:15
FNH:13
FNDA:1,__decorate
FNDA:1,__metadata
FNDA:2,__param
FNDA:1,__awaiter
FNDA:3,adopt
FNDA:3,fulfilled
FNDA:0,rejected
FNDA:4,step
FNDA:1,__generator
FNDA:3,sent
FNDA:0,g.<computed>
FNDA:3,verb
FNDA:4,step
FNDA:1,ListProvidersService
FNDA:1,ListProvidersService.execute
DA:1,1
DA:2,1
DA:3,1
DA:4,1
DA:5,1
DA:6,1
DA:7,1
DA:8,1
DA:9,1
DA:10,1
DA:11,1
DA:12,1
DA:13,1
DA:14,1
DA:15,1
DA:16,1
DA:17,1
DA:18,1
DA:19,1
DA:20,1
DA:21,1
DA:22,1
DA:23,1
DA:24,1
DA:25,1
DA:26,1
DA:27,1
DA:28,1
DA:29,1
DA:30,1
DA:31,1
DA:32,1
DA:33,1
DA:34,1
DA:35,1
DA:36,1
DA:37,1
DA:38,1
LF:38
LH:38
BRDA:38,0,0,1
BRDA:38,1,0,1
BRDA:38,2,0,0
BRDA:38,3,0,0
BRDA:38,4,0,0
BRDA:38,5,0,0
BRDA:38,6,0,1
BRDA:38,7,0,2
BRDA:38,8,0,2
BRDA:38,9,0,1
BRDA:38,10,0,3
BRDA:38,11,0,0
BRDA:38,12,0,1
BRDA:38,13,0,3
BRDA:38,14,0,0
BRDA:38,15,0,4
BRDA:38,16,0,1
BRDA:38,17,0,3
BRDA:38,18,0,1
BRDA:38,19,0,3
BRDA:38,20,0,0
BRDA:38,21,0,3
BRDA:38,22,0,4
BRDA:38,23,0,4
BRDA:38,24,0,0
BRDA:38,25,0,8
BRDA:38,26,0,0
BRDA:38,27,0,0
BRDA:38,28,0,0
BRDA:38,29,0,0
BRDA:38,30,0,4
BRDA:38,31,0,4
BRDA:38,32,0,3
BRDA:38,33,0,0
BRDA:38,34,0,0
BRDA:38,35,0,1
BRDA:38,36,0,0
BRDA:38,37,0,0
BRDA:38,38,0,0
BRDA:38,39,0,0
BRDA:38,40,0,0
BRDA:38,41,0,4
BRDA:38,42,0,0
BRDA:38,43,0,4
BRDA:38,44,0,1
BRDA:38,45,0,0
BRDA:38,46,0,1
BRDA:38,47,0,0
BRDA:12,48,0,1
BRDA:13,49,0,1
BRDA:21,50,0,1
BRDA:38,51,0,1
BRDA:38,52,0,4
BRDA:22,53,0,1
BRDA:38,54,0,1
BRDA:26,55,0,0
BRDA:38,56,0,1
BRDA:38,57,0,1
BRDA:34,58,0,1
BRF:59
BRH:36
end_of_record
TN:
SF:src\modules\users\services\AuthenticateUserService.ts
FN:57,__decorate
FN:57,__metadata
FN:57,__param
FN:57,__awaiter
FN:57,adopt
FN:57,fulfilled
FN:57,rejected
FN:57,step
FN:57,__generator
FN:57,sent
FN:57,g.<computed>
FN:57,verb
FN:57,step
FN:57,__importDefault
FN:22,AuthenticateUserService
FN:30,AuthenticateUserService.execute
FNF:16
FNH:14
FNDA:1,__decorate
FNDA:1,__metadata
FNDA:2,__param
FNDA:3,__awaiter
FNDA:5,adopt
FNDA:5,fulfilled
FNDA:0,rejected
FNDA:6,step
FNDA:3,__generator
FNDA:5,sent
FNDA:0,g.<computed>
FNDA:9,verb
FNDA:8,step
FNDA:2,__importDefault
FNDA:3,AuthenticateUserService
FNDA:3,AuthenticateUserService.execute
DA:1,1
DA:2,1
DA:3,1
DA:4,1
DA:5,1
DA:6,1
DA:7,1
DA:8,1
DA:9,1
DA:10,1
DA:11,1
DA:12,1
DA:13,1
DA:14,1
DA:15,1
DA:16,1
DA:17,1
DA:18,1
DA:19,1
DA:20,1
DA:21,1
DA:22,1
DA:23,3
DA:24,3
DA:25,3
DA:26,3
DA:27,3
DA:28,3
DA:29,1
DA:30,1
DA:31,3
DA:32,3
DA:33,3
DA:34,1
DA:35,1
DA:36,2
DA:37,2
DA:38,2
DA:39,2
DA:40,2
DA:41,3
DA:42,3
DA:43,1
DA:44,1
DA:45,1
DA:46,1
DA:47,1
DA:48,1
DA:49,1
DA:50,1
DA:51,1
DA:52,1
DA:53,1
DA:54,3
DA:55,1
DA:56,1
DA:57,1
LF:57
LH:57
BRDA:57,0,0,1
BRDA:57,1,0,1
BRDA:57,2,0,0
BRDA:57,3,0,0
BRDA:57,4,0,0
BRDA:57,5,0,0
BRDA:57,6,0,1
BRDA:57,7,0,2
BRDA:57,8,0,2
BRDA:57,9,0,3
BRDA:57,10,0,5
BRDA:57,11,0,0
BRDA:57,12,0,3
BRDA:57,13,0,5
BRDA:57,14,0,2
BRDA:57,15,0,6
BRDA:57,16,0,1
BRDA:57,17,0,5
BRDA:57,18,0,3
BRDA:57,19,0,5
BRDA:57,20,0,0
BRDA:57,21,0,9
BRDA:57,22,0,8
BRDA:57,23,0,8
BRDA:57,24,0,0
BRDA:57,25,0,16
BRDA:57,26,0,0
BRDA:57,27,0,0
BRDA:57,28,0,0
BRDA:57,29,0,0
BRDA:57,30,0,8
BRDA:57,31,0,8
BRDA:57,32,0,5
BRDA:57,33,0,0
BRDA:57,34,0,0
BRDA:57,35,0,3
BRDA:57,36,0,0
BRDA:57,37,0,1
BRDA:57,38,0,0
BRDA:57,39,0,0
BRDA:57,40,0,0
BRDA:57,41,0,0
BRDA:57,42,0,8
BRDA:57,43,0,2
BRDA:57,44,0,8
BRDA:57,45,0,3
BRDA:57,46,0,2
BRDA:57,47,0,1
BRDA:57,48,0,0
BRDA:57,49,0,2
BRDA:57,50,0,0
BRDA:21,51,0,1
BRDA:22,52,0,3
BRDA:30,53,0,3
BRDA:57,54,0,3
BRDA:57,55,0,8
BRDA:31,56,0,3
BRDA:57,57,0,3
BRDA:33,58,0,1
BRDA:35,59,0,2
BRDA:57,60,0,2
BRDA:42,61,0,1
BRF:62
BRH:42
end_of_record
TN:
SF:src\modules\users\services\CreateUserService.ts
FN:49,__decorate
FN:49,__metadata
FN:49,__param
FN:49,__awaiter
FN:49,adopt
FN:49,fulfilled
FN:49,rejected
FN:49,step
FN:49,__generator
FN:49,sent
FN:49,g.<computed>
FN:49,verb
FN:49,step
FN:49,__importDefault
FN:17,CreateUserService
FN:28,CreateUserService.execute
FNF:16
FNH:14
FNDA:1,__decorate
FNDA:1,__metadata
FNDA:3,__param
FNDA:3,__awaiter
FNDA:9,adopt
FNDA:9,fulfilled
FNDA:0,rejected
FNDA:11,step
FNDA:3,__generator
FNDA:9,sent
FNDA:0,g.<computed>
FNDA:9,verb
FNDA:12,step
FNDA:1,__importDefault
FNDA:2,CreateUserService
FNDA:3,CreateUserService.execute
DA:1,1
DA:2,1
DA:3,1
DA:4,1
DA:5,1
DA:6,1
DA:7,1
DA:8,1
DA:9,1
DA:10,1
DA:11,1
DA:12,1
DA:13,1
DA:14,1
DA:15,1
DA:16,1
DA:17,1
DA:18,2
DA:19,2
DA:20,2
DA:21,2
DA:22,2
DA:23,2
DA:24,2
DA:25,2
DA:26,2
DA:27,1
DA:28,1
DA:29,3
DA:30,3
DA:31,3
DA:32,1
DA:33,1
DA:34,2
DA:35,2
DA:36,3
DA:37,3
DA:38,3
DA:39,3
DA:40,3
DA:41,3
DA:42,3
DA:43,3
DA:44,3
DA:45,3
DA:46,3
DA:47,1
DA:48,1
DA:49,1
LF:49
LH:49
BRDA:49,0,0,1
BRDA:49,1,0,1
BRDA:49,2,0,0
BRDA:49,3,0,0
BRDA:49,4,0,0
BRDA:49,5,0,0
BRDA:49,6,0,1
BRDA:49,7,0,3
BRDA:49,8,0,3
BRDA:49,9,0,3
BRDA:49,10,0,9
BRDA:49,11,0,0
BRDA:49,12,0,3
BRDA:49,13,0,9
BRDA:49,14,0,1
BRDA:49,15,0,11
BRDA:49,16,0,2
BRDA:49,17,0,9
BRDA:49,18,0,3
BRDA:49,19,0,9
BRDA:49,20,0,0
BRDA:49,21,0,9
BRDA:49,22,0,12
BRDA:49,23,0,12
BRDA:49,24,0,0
BRDA:49,25,0,24
BRDA:49,26,0,0
BRDA:49,27,0,0
BRDA:49,28,0,0
BRDA:49,29,0,0
BRDA:49,30,0,12
BRDA:49,31,0,12
BRDA:49,32,0,9
BRDA:49,33,0,0
BRDA:49,34,0,0
BRDA:49,35,0,3
BRDA:49,36,0,0
BRDA:49,37,0,2
BRDA:49,38,0,0
BRDA:49,39,0,0
BRDA:49,40,0,0
BRDA:49,41,0,0
BRDA:49,42,0,12
BRDA:49,43,0,1
BRDA:49,44,0,12
BRDA:49,45,0,3
BRDA:49,46,0,1
BRDA:49,47,0,2
BRDA:49,48,0,0
BRDA:49,49,0,1
BRDA:49,50,0,0
BRDA:16,51,0,1
BRDA:17,52,0,2
BRDA:28,53,0,3
BRDA:49,54,0,3
BRDA:49,55,0,12
BRDA:29,56,0,3
BRDA:49,57,0,3
BRDA:31,58,0,1
BRDA:33,59,0,2
BRDA:49,60,0,2
BRDA:49,61,0,2
BRDA:49,62,0,2
BRF:63
BRH:43
end_of_record
TN:
SF:src\modules\users\services\ResetPasswordService.ts
FN:51,__decorate
FN:51,__metadata
FN:51,__param
FN:51,__awaiter
FN:51,adopt
FN:51,fulfilled
FN:51,rejected
FN:51,step
FN:51,__generator
FN:51,sent
FN:51,g.<computed>
FN:51,verb
FN:51,step
FN:51,__importDefault
FN:16,ResetPasswordService
FN:27,ResetPasswordService.execute
FNF:16
FNH:14
FNDA:1,__decorate
FNDA:1,__metadata
FNDA:3,__param
FNDA:4,__awaiter
FNDA:9,adopt
FNDA:9,fulfilled
FNDA:0,rejected
FNDA:10,step
FNDA:4,__generator
FNDA:9,sent
FNDA:0,g.<computed>
FNDA:12,verb
FNDA:13,step
FNDA:1,__importDefault
FNDA:4,ResetPasswordService
FNDA:4,ResetPasswordService.execute
DA:1,1
DA:2,1
DA:3,1
DA:4,1
DA:5,1
DA:6,1
DA:7,1
DA:8,1
DA:9,1
DA:10,1
DA:11,1
DA:12,1
DA:13,1
DA:14,1
DA:15,1
DA:16,1
DA:17,4
DA:18,4
DA:19,4
DA:20,4
DA:21,4
DA:22,4
DA:23,4
DA:24,4
DA:25,4
DA:26,1
DA:27,1
DA:28,4
DA:29,4
DA:30,1
DA:31,1
DA:32,3
DA:33,3
DA:34,4
DA:35,4
DA:36,1
DA:37,1
DA:38,2
DA:39,2
DA:40,2
DA:41,4
DA:42,1
DA:43,1
DA:44,1
DA:45,1
DA:46,4
DA:47,4
DA:48,4
DA:49,1
DA:50,1
DA:51,1
LF:51
LH:51
BRDA:51,0,0,1
BRDA:51,1,0,1
BRDA:51,2,0,0
BRDA:51,3,0,0
BRDA:51,4,0,0
BRDA:51,5,0,0
BRDA:51,6,0,1
BRDA:51,7,0,3
BRDA:51,8,0,3
BRDA:51,9,0,4
BRDA:51,10,0,9
BRDA:51,11,0,0
BRDA:51,12,0,4
BRDA:51,13,0,9
BRDA:51,14,0,3
BRDA:51,15,0,10
BRDA:51,16,0,1
BRDA:51,17,0,9
BRDA:51,18,0,4
BRDA:51,19,0,9
BRDA:51,20,0,0
BRDA:51,21,0,12
BRDA:51,22,0,13
BRDA:51,23,0,13
BRDA:51,24,0,0
BRDA:51,25,0,26
BRDA:51,26,0,0
BRDA:51,27,0,0
BRDA:51,28,0,0
BRDA:51,29,0,0
BRDA:51,30,0,13
BRDA:51,31,0,13
BRDA:51,32,0,9
BRDA:51,33,0,0
BRDA:51,34,0,0
BRDA:51,35,0,4
BRDA:51,36,0,0
BRDA:51,37,0,1
BRDA:51,38,0,0
BRDA:51,39,0,0
BRDA:51,40,0,0
BRDA:51,41,0,0
BRDA:51,42,0,13
BRDA:51,43,0,3
BRDA:51,44,0,13
BRDA:51,45,0,4
BRDA:51,46,0,3
BRDA:51,47,0,1
BRDA:51,48,0,0
BRDA:51,49,0,1
BRDA:51,50,0,0
BRDA:15,51,0,1
BRDA:16,52,0,4
BRDA:27,53,0,4
BRDA:51,54,0,4
BRDA:51,55,0,13
BRDA:28,56,0,4
BRDA:51,57,0,4
BRDA:29,58,0,1
BRDA:31,59,0,3
BRDA:51,60,0,3
BRDA:35,61,0,1
BRDA:37,62,0,2
BRDA:41,63,0,1
BRDA:51,64,0,1
BRDA:51,65,0,1
BRF:66
BRH:46
end_of_record
TN:
SF:src\modules\users\services\SendForgotPasswordEmailService.ts
FN:59,__decorate
FN:59,__metadata
FN:59,__param
FN:59,__awaiter
FN:59,adopt
FN:59,fulfilled
FN:59,rejected
FN:59,step
FN:59,__generator
FN:59,sent
FN:59,g.<computed>
FN:59,verb
FN:59,step
FN:59,__importDefault
FN:15,SendForgotPasswordEmailService
FN:26,SendForgotPasswordEmailService.execute
FNF:16
FNH:14
FNDA:1,__decorate
FNDA:1,__metadata
FNDA:3,__param
FNDA:3,__awaiter
FNDA:7,adopt
FNDA:7,fulfilled
FNDA:0,rejected
FNDA:9,step
FNDA:3,__generator
FNDA:7,sent
FNDA:0,g.<computed>
FNDA:9,verb
FNDA:10,step
FNDA:1,__importDefault
FNDA:3,SendForgotPasswordEmailService
FNDA:3,SendForgotPasswordEmailService.execute
DA:1,1
DA:2,1
DA:3,1
DA:4,1
DA:5,1
DA:6,1
DA:7,1
DA:8,1
DA:9,1
DA:10,1
DA:11,1
DA:12,1
DA:13,1
DA:14,1
DA:15,1
DA:16,3
DA:17,3
DA:18,3
DA:19,3
DA:20,3
DA:21,3
DA:22,3
DA:23,3
DA:24,3
DA:25,1
DA:26,1
DA:27,3
DA:28,3
DA:29,3
DA:30,1
DA:31,1
DA:32,2
DA:33,3
DA:34,3
DA:35,3
DA:36,3
DA:37,3
DA:38,3
DA:39,3
DA:40,3
DA:41,3
DA:42,3
DA:43,3
DA:44,3
DA:45,3
DA:46,3
DA:47,3
DA:48,3
DA:49,3
DA:50,3
DA:51,3
DA:52,3
DA:53,3
DA:54,3
DA:55,3
DA:56,3
DA:57,1
DA:58,1
DA:59,1
LF:59
LH:59
BRDA:59,0,0,1
BRDA:59,1,0,1
BRDA:59,2,0,0
BRDA:59,3,0,0
BRDA:59,4,0,0
BRDA:59,5,0,0
BRDA:59,6,0,1
BRDA:59,7,0,3
BRDA:59,8,0,3
BRDA:59,9,0,3
BRDA:59,10,0,7
BRDA:59,11,0,0
BRDA:59,12,0,3
BRDA:59,13,0,7
BRDA:59,14,0,1
BRDA:59,15,0,9
BRDA:59,16,0,2
BRDA:59,17,0,7
BRDA:59,18,0,3
BRDA:59,19,0,7
BRDA:59,20,0,0
BRDA:59,21,0,9
BRDA:59,22,0,10
BRDA:59,23,0,10
BRDA:59,24,0,0
BRDA:59,25,0,20
BRDA:59,26,0,0
BRDA:59,27,0,0
BRDA:59,28,0,0
BRDA:59,29,0,0
BRDA:59,30,0,10
BRDA:59,31,0,10
BRDA:59,32,0,7
BRDA:59,33,0,0
BRDA:59,34,0,0
BRDA:59,35,0,3
BRDA:59,36,0,0
BRDA:59,37,0,2
BRDA:59,38,0,0
BRDA:59,39,0,0
BRDA:59,40,0,0
BRDA:59,41,0,0
BRDA:59,42,0,10
BRDA:59,43,0,1
BRDA:59,44,0,10
BRDA:59,45,0,3
BRDA:59,46,0,1
BRDA:59,47,0,2
BRDA:59,48,0,0
BRDA:59,49,0,1
BRDA:59,50,0,0
BRDA:14,51,0,1
BRDA:15,52,0,3
BRDA:26,53,0,3
BRDA:59,54,0,3
BRDA:59,55,0,10
BRDA:27,56,0,3
BRDA:59,57,0,3
BRDA:29,58,0,1
BRDA:31,59,0,2
BRDA:33,60,0,0
BRDA:33,61,0,2
BRDA:59,62,0,2
BRDA:59,63,0,2
BRF:64
BRH:43
end_of_record
TN:
SF:src\modules\users\services\ShowProfileService.ts
FN:29,__decorate
FN:29,__metadata
FN:29,__param
FN:29,__awaiter
FN:29,adopt
FN:29,fulfilled
FN:29,rejected
FN:29,step
FN:29,__generator
FN:29,sent
FN:29,g.<computed>
FN:29,verb
FN:29,step
FN:29,__importDefault
FN:13,ShowProfileService
FN:18,ShowProfileService.execute
FNF:16
FNH:14
FNDA:1,__decorate
FNDA:1,__metadata
FNDA:1,__param
FNDA:2,__awaiter
FNDA:2,adopt
FNDA:2,fulfilled
FNDA:0,rejected
FNDA:3,step
FNDA:2,__generator
FNDA:2,sent
FNDA:0,g.<computed>
FNDA:6,verb
FNDA:4,step
FNDA:1,__importDefault
FNDA:2,ShowProfileService
FNDA:2,ShowProfileService.execute
DA:1,1
DA:2,1
DA:3,1
DA:4,1
DA:5,1
DA:6,1
DA:7,1
DA:8,1
DA:9,1
DA:10,1
DA:11,1
DA:12,1
DA:13,1
DA:14,2
DA:15,2
DA:16,2
DA:17,1
DA:18,1
DA:19,2
DA:20,2
DA:21,2
DA:22,1
DA:23,1
DA:24,1
DA:25,1
DA:26,2
DA:27,1
DA:28,1
DA:29,1
LF:29
LH:29
BRDA:29,0,0,1
BRDA:29,1,0,1
BRDA:29,2,0,0
BRDA:29,3,0,0
BRDA:29,4,0,0
BRDA:29,5,0,0
BRDA:29,6,0,1
BRDA:29,7,0,1
BRDA:29,8,0,1
BRDA:29,9,0,2
BRDA:29,10,0,2
BRDA:29,11,0,0
BRDA:29,12,0,2
BRDA:29,13,0,2
BRDA:29,14,0,1
BRDA:29,15,0,3
BRDA:29,16,0,1
BRDA:29,17,0,2
BRDA:29,18,0,2
BRDA:29,19,0,2
BRDA:29,20,0,0
BRDA:29,21,0,6
BRDA:29,22,0,4
BRDA:29,23,0,4
BRDA:29,24,0,0
BRDA:29,25,0,8
BRDA:29,26,0,0
BRDA:29,27,0,0
BRDA:29,28,0,0
BRDA:29,29,0,0
BRDA:29,30,0,4
BRDA:29,31,0,4
BRDA:29,32,0,2
BRDA:29,33,0,0
BRDA:29,34,0,0
BRDA:29,35,0,2
BRDA:29,36,0,0
BRDA:29,37,0,1
BRDA:29,38,0,0
BRDA:29,39,0,0
BRDA:29,40,0,0
BRDA:29,41,0,0
BRDA:29,42,0,4
BRDA:29,43,0,1
BRDA:29,44,0,4
BRDA:29,45,0,2
BRDA:29,46,0,1
BRDA:29,47,0,0
BRDA:29,48,0,1
BRDA:29,49,0,0
BRDA:12,50,0,1
BRDA:13,51,0,2
BRDA:18,52,0,2
BRDA:29,53,0,2
BRDA:29,54,0,4
BRDA:19,55,0,2
BRDA:29,56,0,2
BRDA:21,57,0,1
BRF:58
BRH:38
end_of_record
TN:
SF:src\modules\users\services\UpdateProfileService.ts
FN:72,__decorate
FN:72,__metadata
FN:72,__param
FN:72,__awaiter
FN:72,adopt
FN:72,fulfilled
FN:72,rejected
FN:72,step
FN:72,__generator
FN:72,sent
FN:72,g.<computed>
FN:72,verb
FN:72,step
FN:72,__importDefault
FN:19,UpdateProfileService
FN:27,UpdateProfileService.execute
FNF:16
FNH:14
FNDA:1,__decorate
FNDA:1,__metadata
FNDA:2,__param
FNDA:6,__awaiter
FNDA:14,adopt
FNDA:14,fulfilled
FNDA:0,rejected
FNDA:16,step
FNDA:6,__generator
FNDA:14,sent
FNDA:0,g.<computed>
FNDA:18,verb
FNDA:20,step
FNDA:1,__importDefault
FNDA:6,UpdateProfileService
FNDA:6,UpdateProfileService.execute
DA:1,1
DA:2,1
DA:3,1
DA:4,1
DA:5,1
DA:6,1
DA:7,1
DA:8,1
DA:9,1
DA:10,1
DA:11,1
DA:12,1
DA:13,1
DA:14,1
DA:15,1
DA:16,1
DA:17,1
DA:18,1
DA:19,1
DA:20,6
DA:21,6
DA:22,6
DA:23,6
DA:24,6
DA:25,6
DA:26,1
DA:27,1
DA:28,6
DA:29,6
DA:30,6
DA:31,6
DA:32,6
DA:33,6
DA:34,6
DA:35,6
DA:36,6
DA:37,1
DA:38,1
DA:39,5
DA:40,5
DA:41,6
DA:42,6
DA:43,1
DA:44,1
DA:45,4
DA:46,4
DA:47,4
DA:48,4
DA:49,6
DA:50,1
DA:51,1
DA:52,1
DA:53,1
DA:54,3
DA:55,6
DA:56,2
DA:57,2
DA:58,2
DA:59,2
DA:60,6
DA:61,6
DA:62,1
DA:63,1
DA:64,1
DA:65,1
DA:66,6
DA:67,6
DA:68,6
DA:69,6
DA:70,1
DA:71,1
DA:72,1
LF:72
LH:72
BRDA:72,0,0,1
BRDA:72,1,0,1
BRDA:72,2,0,0
BRDA:72,3,0,0
BRDA:72,4,0,0
BRDA:72,5,0,0
BRDA:72,6,0,1
BRDA:72,7,0,2
BRDA:72,8,0,2
BRDA:72,9,0,6
BRDA:72,10,0,14
BRDA:72,11,0,0
BRDA:72,12,0,6
BRDA:72,13,0,14
BRDA:72,14,0,4
BRDA:72,15,0,16
BRDA:72,16,0,2
BRDA:72,17,0,14
BRDA:72,18,0,6
BRDA:72,19,0,14
BRDA:72,20,0,0
BRDA:72,21,0,18
BRDA:72,22,0,20
BRDA:72,23,0,20
BRDA:72,24,0,0
BRDA:72,25,0,41
BRDA:72,26,0,0
BRDA:72,27,0,0
BRDA:72,28,0,0
BRDA:72,29,0,0
BRDA:72,30,0,20
BRDA:72,31,0,20
BRDA:72,32,0,14
BRDA:72,33,0,0
BRDA:72,34,0,0
BRDA:72,35,0,7
BRDA:72,36,0,0
BRDA:72,37,0,3
BRDA:72,38,0,6
BRDA:72,39,0,1
BRDA:72,40,0,0
BRDA:72,41,0,1
BRDA:72,42,0,0
BRDA:72,43,0,0
BRDA:72,44,0,0
BRDA:72,45,0,21
BRDA:72,46,0,4
BRDA:72,47,0,21
BRDA:72,48,0,6
BRDA:72,49,0,4
BRDA:72,50,0,2
BRDA:72,51,0,0
BRDA:72,52,0,1
BRDA:72,53,0,0
BRDA:18,54,0,1
BRDA:19,55,0,6
BRDA:27,56,0,6
BRDA:72,57,0,6
BRDA:72,58,0,21
BRDA:34,59,0,6
BRDA:72,60,0,6
BRDA:36,61,0,1
BRDA:38,62,0,5
BRDA:72,63,0,5
BRDA:42,64,0,1
BRDA:42,65,0,1
BRDA:44,66,0,4
BRDA:49,67,0,3
BRDA:49,68,0,1
BRDA:53,69,0,3
BRDA:55,70,0,2
BRDA:55,71,0,1
BRDA:55,72,0,2
BRDA:72,73,0,2
BRDA:61,74,0,1
BRDA:72,75,0,1
BRDA:68,76,0,2
BRF:77
BRH:57
end_of_record
TN:
SF:src\modules\users\services\UpdateUserAvatarService.ts
FN:49,__decorate
FN:49,__metadata
FN:49,__param
FN:49,__awaiter
FN:49,adopt
FN:49,fulfilled
FN:49,rejected
FN:49,step
FN:49,__generator
FN:49,sent
FN:49,g.<computed>
FN:49,verb
FN:49,step
FN:49,__importDefault
FN:18,UpdateUserAvatarService
FN:26,UpdateUserAvatarService.execute
FNF:16
FNH:14
FNDA:1,__decorate
FNDA:1,__metadata
FNDA:2,__param
FNDA:4,__awaiter
FNDA:11,adopt
FNDA:11,fulfilled
FNDA:0,rejected
FNDA:14,step
FNDA:4,__generator
FNDA:11,sent
FNDA:0,g.<computed>
FNDA:12,verb
FNDA:15,step
FNDA:1,__importDefault
FNDA:3,UpdateUserAvatarService
FNDA:4,UpdateUserAvatarService.execute
DA:1,1
DA:2,1
DA:3,1
DA:4,1
DA:5,1
DA:6,1
DA:7,1
DA:8,1
DA:9,1
DA:10,1
DA:11,1
DA:12,1
DA:13,1
DA:14,1
DA:15,1
DA:16,1
DA:17,1
DA:18,1
DA:19,3
DA:20,3
DA:21,3
DA:22,3
DA:23,3
DA:24,3
DA:25,1
DA:26,1
DA:27,4
DA:28,4
DA:29,4
DA:30,1
DA:31,1
DA:32,3
DA:33,3
DA:34,1
DA:35,4
DA:36,4
DA:37,4
DA:38,4
DA:39,4
DA:40,4
DA:41,4
DA:42,4
DA:43,4
DA:44,4
DA:45,4
DA:46,4
DA:47,1
DA:48,1
DA:49,1
LF:49
LH:49
BRDA:49,0,0,1
BRDA:49,1,0,1
BRDA:49,2,0,0
BRDA:49,3,0,0
BRDA:49,4,0,0
BRDA:49,5,0,0
BRDA:49,6,0,1
BRDA:49,7,0,2
BRDA:49,8,0,2
BRDA:49,9,0,4
BRDA:49,10,0,11
BRDA:49,11,0,0
BRDA:49,12,0,4
BRDA:49,13,0,11
BRDA:49,14,0,1
BRDA:49,15,0,14
BRDA:49,16,0,3
BRDA:49,17,0,11
BRDA:49,18,0,4
BRDA:49,19,0,11
BRDA:49,20,0,0
BRDA:49,21,0,12
BRDA:49,22,0,15
BRDA:49,23,0,15
BRDA:49,24,0,0
BRDA:49,25,0,32
BRDA:49,26,0,0
BRDA:49,27,0,0
BRDA:49,28,0,0
BRDA:49,29,0,0
BRDA:49,30,0,15
BRDA:49,31,0,15
BRDA:49,32,0,11
BRDA:49,33,0,0
BRDA:49,34,0,0
BRDA:49,35,0,6
BRDA:49,36,0,0
BRDA:49,37,0,5
BRDA:49,38,0,4
BRDA:49,39,0,2
BRDA:49,40,0,0
BRDA:49,41,0,2
BRDA:49,42,0,0
BRDA:49,43,0,0
BRDA:49,44,0,0
BRDA:49,45,0,17
BRDA:49,46,0,1
BRDA:49,47,0,17
BRDA:49,48,0,4
BRDA:49,49,0,1
BRDA:49,50,0,3
BRDA:49,51,0,0
BRDA:49,52,0,1
BRDA:49,53,0,0
BRDA:17,54,0,1
BRDA:18,55,0,3
BRDA:26,56,0,4
BRDA:49,57,0,4
BRDA:49,58,0,17
BRDA:27,59,0,4
BRDA:49,60,0,4
BRDA:29,61,0,1
BRDA:31,62,0,3
BRDA:33,63,0,2
BRDA:33,64,0,1
BRDA:49,65,0,1
BRDA:37,66,0,3
BRDA:49,67,0,3
BRDA:49,68,0,3
BRF:69
BRH:49
end_of_record
